f:\onedrive\001_doing\repo\learningcpp\2_core\多态\多态\x64\debug\vc143.pdb
f:\onedrive\001_doing\repo\learningcpp\2_core\多态\多态\x64\debug\vc143.idb
f:\onedrive\001_doing\repo\learningcpp\2_core\多态\多态\x64\debug\计算器.obj
f:\onedrive\001_doing\repo\learningcpp\2_core\多态\多态\x64\debug\电脑组装.obj
f:\onedrive\001_doing\repo\learningcpp\2_core\多态\x64\debug\多态.pdb
f:\onedrive\001_doing\repo\learningcpp\2_core\多态\多态\x64\debug\多态.tlog\cl.command.1.tlog
f:\onedrive\001_doing\repo\learningcpp\2_core\多态\多态\x64\debug\多态.tlog\cl.read.1.tlog
f:\onedrive\001_doing\repo\learningcpp\2_core\多态\多态\x64\debug\多态.tlog\cl.write.1.tlog
f:\onedrive\001_doing\repo\learningcpp\2_core\多态\多态\x64\debug\多态.tlog\link-cvtres.read.1.tlog
f:\onedrive\001_doing\repo\learningcpp\2_core\多态\多态\x64\debug\多态.tlog\link-cvtres.write.1.tlog
f:\onedrive\001_doing\repo\learningcpp\2_core\多态\多态\x64\debug\多态.tlog\link-rc.read.1.tlog
f:\onedrive\001_doing\repo\learningcpp\2_core\多态\多态\x64\debug\多态.tlog\link-rc.write.1.tlog
f:\onedrive\001_doing\repo\learningcpp\2_core\多态\多态\x64\debug\多态.tlog\link.13280-cvtres.read.1.tlog
f:\onedrive\001_doing\repo\learningcpp\2_core\多态\多态\x64\debug\多态.tlog\link.13280-cvtres.write.1.tlog
f:\onedrive\001_doing\repo\learningcpp\2_core\多态\多态\x64\debug\多态.tlog\link.13280-rc.read.1.tlog
f:\onedrive\001_doing\repo\learningcpp\2_core\多态\多态\x64\debug\多态.tlog\link.13280-rc.write.1.tlog
f:\onedrive\001_doing\repo\learningcpp\2_core\多态\多态\x64\debug\多态.tlog\link.13280.read.1.tlog
f:\onedrive\001_doing\repo\learningcpp\2_core\多态\多态\x64\debug\多态.tlog\link.13280.read.2.tlog
f:\onedrive\001_doing\repo\learningcpp\2_core\多态\多态\x64\debug\多态.tlog\link.13280.write.1.tlog
f:\onedrive\001_doing\repo\learningcpp\2_core\多态\多态\x64\debug\多态.tlog\link.command.1.tlog
f:\onedrive\001_doing\repo\learningcpp\2_core\多态\多态\x64\debug\多态.tlog\link.read.1.tlog
f:\onedrive\001_doing\repo\learningcpp\2_core\多态\多态\x64\debug\多态.tlog\link.read.2.tlog
f:\onedrive\001_doing\repo\learningcpp\2_core\多态\多态\x64\debug\多态.tlog\link.write.1.tlog
